{"/Users/fermarinsanchez/dev/ironhack/labs/Module_3/jest-examples/index.js": {"path":"/Users/fermarinsanchez/dev/ironhack/labs/Module_3/jest-examples/index.js","statementMap":{"0":{"start":{"line":1,"column":23},"end":{"line":5,"column":1}},"1":{"start":{"line":2,"column":2},"end":{"line":4,"column":18}},"2":{"start":{"line":7,"column":24},"end":{"line":12,"column":1}},"3":{"start":{"line":8,"column":2},"end":{"line":11,"column":13}},"4":{"start":{"line":10,"column":17},"end":{"line":10,"column":51}},"5":{"start":{"line":14,"column":15},"end":{"line":27,"column":1}},"6":{"start":{"line":29,"column":25},"end":{"line":34,"column":1}},"7":{"start":{"line":30,"column":1},"end":{"line":32,"column":2}},"8":{"start":{"line":31,"column":3},"end":{"line":31,"column":23}},"9":{"start":{"line":33,"column":2},"end":{"line":33,"column":46}},"10":{"start":{"line":36,"column":25},"end":{"line":36,"column":64}},"11":{"start":{"line":36,"column":42},"end":{"line":36,"column":64}},"12":{"start":{"line":38,"column":31},"end":{"line":38,"column":67}},"13":{"start":{"line":38,"column":40},"end":{"line":38,"column":67}},"14":{"start":{"line":40,"column":28},"end":{"line":40,"column":55}},"15":{"start":{"line":40,"column":35},"end":{"line":40,"column":55}},"16":{"start":{"line":42,"column":32},"end":{"line":42,"column":87}},"17":{"start":{"line":42,"column":39},"end":{"line":42,"column":87}},"18":{"start":{"line":42,"column":63},"end":{"line":42,"column":86}}},"fnMap":{"0":{"name":"(anonymous_0)","decl":{"start":{"line":1,"column":23},"end":{"line":1,"column":24}},"loc":{"start":{"line":2,"column":2},"end":{"line":4,"column":18}},"line":2},"1":{"name":"(anonymous_1)","decl":{"start":{"line":7,"column":24},"end":{"line":7,"column":25}},"loc":{"start":{"line":8,"column":2},"end":{"line":11,"column":13}},"line":8},"2":{"name":"(anonymous_2)","decl":{"start":{"line":10,"column":9},"end":{"line":10,"column":10}},"loc":{"start":{"line":10,"column":17},"end":{"line":10,"column":51}},"line":10},"3":{"name":"(anonymous_3)","decl":{"start":{"line":29,"column":25},"end":{"line":29,"column":26}},"loc":{"start":{"line":29,"column":36},"end":{"line":34,"column":1}},"line":29},"4":{"name":"(anonymous_4)","decl":{"start":{"line":36,"column":25},"end":{"line":36,"column":26}},"loc":{"start":{"line":36,"column":42},"end":{"line":36,"column":64}},"line":36},"5":{"name":"(anonymous_5)","decl":{"start":{"line":38,"column":31},"end":{"line":38,"column":32}},"loc":{"start":{"line":38,"column":40},"end":{"line":38,"column":67}},"line":38},"6":{"name":"(anonymous_6)","decl":{"start":{"line":40,"column":28},"end":{"line":40,"column":29}},"loc":{"start":{"line":40,"column":35},"end":{"line":40,"column":55}},"line":40},"7":{"name":"(anonymous_7)","decl":{"start":{"line":42,"column":32},"end":{"line":42,"column":33}},"loc":{"start":{"line":42,"column":39},"end":{"line":42,"column":87}},"line":42},"8":{"name":"(anonymous_8)","decl":{"start":{"line":42,"column":50},"end":{"line":42,"column":51}},"loc":{"start":{"line":42,"column":63},"end":{"line":42,"column":86}},"line":42}},"branchMap":{"0":{"loc":{"start":{"line":30,"column":1},"end":{"line":32,"column":2}},"type":"if","locations":[{"start":{"line":30,"column":1},"end":{"line":32,"column":2}},{"start":{"line":30,"column":1},"end":{"line":32,"column":2}}],"line":30}},"s":{"0":1,"1":3,"2":1,"3":3,"4":8,"5":1,"6":1,"7":5,"8":4,"9":1,"10":1,"11":1,"12":1,"13":1,"14":1,"15":1,"16":1,"17":1,"18":5},"f":{"0":3,"1":3,"2":8,"3":5,"4":1,"5":1,"6":1,"7":1,"8":5},"b":{"0":[4,1]},"_coverageSchema":"1a1c01bbd47fc00a2c39e90264f33305004495a9","hash":"d33daf78c6ae110606eacc95f59d675845182d22"}
}
