{"/Users/adriandiaz/Sites/ironhack/test/jest-examples/index.js": {"path":"/Users/adriandiaz/Sites/ironhack/test/jest-examples/index.js","statementMap":{"0":{"start":{"line":1,"column":23},"end":{"line":1,"column":74}},"1":{"start":{"line":1,"column":34},"end":{"line":1,"column":74}},"2":{"start":{"line":3,"column":24},"end":{"line":7,"column":13}},"3":{"start":{"line":4,"column":2},"end":{"line":7,"column":13}},"4":{"start":{"line":6,"column":19},"end":{"line":6,"column":53}},"5":{"start":{"line":9,"column":15},"end":{"line":22,"column":1}},"6":{"start":{"line":24,"column":25},"end":{"line":25,"column":61}},"7":{"start":{"line":25,"column":2},"end":{"line":25,"column":61}},"8":{"start":{"line":27,"column":25},"end":{"line":27,"column":64}},"9":{"start":{"line":27,"column":42},"end":{"line":27,"column":64}},"10":{"start":{"line":29,"column":31},"end":{"line":29,"column":67}},"11":{"start":{"line":29,"column":40},"end":{"line":29,"column":67}},"12":{"start":{"line":31,"column":28},"end":{"line":31,"column":57}},"13":{"start":{"line":31,"column":37},"end":{"line":31,"column":57}},"14":{"start":{"line":33,"column":32},"end":{"line":34,"column":50}},"15":{"start":{"line":34,"column":2},"end":{"line":34,"column":50}},"16":{"start":{"line":34,"column":26},"end":{"line":34,"column":49}}},"fnMap":{"0":{"name":"(anonymous_0)","decl":{"start":{"line":1,"column":23},"end":{"line":1,"column":24}},"loc":{"start":{"line":1,"column":34},"end":{"line":1,"column":74}},"line":1},"1":{"name":"(anonymous_1)","decl":{"start":{"line":3,"column":24},"end":{"line":3,"column":25}},"loc":{"start":{"line":4,"column":2},"end":{"line":7,"column":13}},"line":4},"2":{"name":"(anonymous_2)","decl":{"start":{"line":6,"column":9},"end":{"line":6,"column":10}},"loc":{"start":{"line":6,"column":19},"end":{"line":6,"column":53}},"line":6},"3":{"name":"(anonymous_3)","decl":{"start":{"line":24,"column":25},"end":{"line":24,"column":26}},"loc":{"start":{"line":25,"column":2},"end":{"line":25,"column":61}},"line":25},"4":{"name":"(anonymous_4)","decl":{"start":{"line":27,"column":25},"end":{"line":27,"column":26}},"loc":{"start":{"line":27,"column":42},"end":{"line":27,"column":64}},"line":27},"5":{"name":"(anonymous_5)","decl":{"start":{"line":29,"column":31},"end":{"line":29,"column":32}},"loc":{"start":{"line":29,"column":40},"end":{"line":29,"column":67}},"line":29},"6":{"name":"(anonymous_6)","decl":{"start":{"line":31,"column":28},"end":{"line":31,"column":29}},"loc":{"start":{"line":31,"column":37},"end":{"line":31,"column":57}},"line":31},"7":{"name":"(anonymous_7)","decl":{"start":{"line":33,"column":32},"end":{"line":33,"column":33}},"loc":{"start":{"line":34,"column":2},"end":{"line":34,"column":50}},"line":34},"8":{"name":"(anonymous_8)","decl":{"start":{"line":34,"column":13},"end":{"line":34,"column":14}},"loc":{"start":{"line":34,"column":26},"end":{"line":34,"column":49}},"line":34}},"branchMap":{"0":{"loc":{"start":{"line":25,"column":2},"end":{"line":25,"column":61}},"type":"cond-expr","locations":[{"start":{"line":25,"column":18},"end":{"line":25,"column":31}},{"start":{"line":25,"column":34},"end":{"line":25,"column":61}}],"line":25}},"s":{"0":1,"1":1,"2":1,"3":1,"4":3,"5":1,"6":1,"7":2,"8":1,"9":2,"10":1,"11":1,"12":1,"13":2,"14":1,"15":1,"16":4},"f":{"0":1,"1":1,"2":3,"3":2,"4":2,"5":1,"6":2,"7":1,"8":4},"b":{"0":[1,1]},"_coverageSchema":"1a1c01bbd47fc00a2c39e90264f33305004495a9","hash":"49b1907dc1fe6a784aa30ab91781d8d430f22a90"}
}
