TN:
SF:index.js
FN:1,(anonymous_0)
FN:7,(anonymous_1)
FN:10,(anonymous_2)
FN:29,(anonymous_3)
FN:36,(anonymous_4)
FN:38,(anonymous_5)
FN:40,(anonymous_6)
FN:42,(anonymous_7)
FN:42,(anonymous_8)
FNF:9
FNH:9
FNDA:3,(anonymous_0)
FNDA:3,(anonymous_1)
FNDA:8,(anonymous_2)
FNDA:5,(anonymous_3)
FNDA:1,(anonymous_4)
FNDA:1,(anonymous_5)
FNDA:1,(anonymous_6)
FNDA:1,(anonymous_7)
FNDA:5,(anonymous_8)
DA:1,1
DA:2,3
DA:7,1
DA:8,3
DA:10,8
DA:14,1
DA:29,1
DA:30,5
DA:31,4
DA:33,1
DA:36,1
DA:38,1
DA:40,1
DA:42,5
LF:14
LH:14
BRDA:30,0,0,4
BRDA:30,0,1,1
BRF:2
BRH:2
end_of_record
